mode: atomic
github.com/polymr/polymr/internal/agents/manager.go:71.28,85.16 6 0
github.com/polymr/polymr/internal/agents/manager.go:85.16,87.3 1 0
github.com/polymr/polymr/internal/agents/manager.go:87.8,88.29 1 0
github.com/polymr/polymr/internal/agents/manager.go:88.29,89.56 1 0
github.com/polymr/polymr/internal/agents/manager.go:89.56,90.13 1 0
github.com/polymr/polymr/internal/agents/manager.go:92.4,93.18 2 0
github.com/polymr/polymr/internal/agents/manager.go:93.18,95.13 2 0
github.com/polymr/polymr/internal/agents/manager.go:97.4,98.68 2 0
github.com/polymr/polymr/internal/agents/manager.go:102.2,103.10 2 0
github.com/polymr/polymr/internal/agents/manager.go:107.56,109.16 2 5
github.com/polymr/polymr/internal/agents/manager.go:109.16,111.3 1 0
github.com/polymr/polymr/internal/agents/manager.go:112.2,113.40 2 5
github.com/polymr/polymr/internal/agents/manager.go:113.40,115.3 1 1
github.com/polymr/polymr/internal/agents/manager.go:116.2,117.20 2 4
github.com/polymr/polymr/internal/agents/manager.go:117.20,119.3 1 1
github.com/polymr/polymr/internal/agents/manager.go:121.2,122.53 2 3
github.com/polymr/polymr/internal/agents/manager.go:122.53,124.10 2 12
github.com/polymr/polymr/internal/agents/manager.go:124.10,125.12 1 6
github.com/polymr/polymr/internal/agents/manager.go:127.3,127.31 1 6
github.com/polymr/polymr/internal/agents/manager.go:128.15,129.35 1 2
github.com/polymr/polymr/internal/agents/manager.go:130.22,131.42 1 3
github.com/polymr/polymr/internal/agents/manager.go:132.16,133.36 1 1
github.com/polymr/polymr/internal/agents/manager.go:136.2,136.20 1 3
github.com/polymr/polymr/internal/agents/manager.go:136.20,138.3 1 1
github.com/polymr/polymr/internal/agents/manager.go:139.2,139.21 1 2
github.com/polymr/polymr/internal/agents/manager.go:139.21,141.3 1 1
github.com/polymr/polymr/internal/agents/manager.go:142.2,142.17 1 2
github.com/polymr/polymr/internal/agents/manager.go:146.46,151.2 4 2
github.com/polymr/polymr/internal/agents/manager.go:154.41,158.26 4 1
github.com/polymr/polymr/internal/agents/manager.go:158.26,160.3 1 3
github.com/polymr/polymr/internal/agents/manager.go:161.2,161.14 1 1
github.com/polymr/polymr/internal/agents/manager.go:166.72,170.9 4 1
github.com/polymr/polymr/internal/agents/manager.go:170.9,172.3 1 1
github.com/polymr/polymr/internal/agents/manager.go:173.2,174.16 2 0
github.com/polymr/polymr/internal/agents/manager.go:174.16,176.3 1 0
github.com/polymr/polymr/internal/agents/manager.go:177.2,177.27 1 0
github.com/polymr/polymr/internal/agents/manager.go:182.99,186.9 4 0
github.com/polymr/polymr/internal/agents/manager.go:186.9,188.3 1 0
github.com/polymr/polymr/internal/agents/manager.go:190.2,191.16 2 0
github.com/polymr/polymr/internal/agents/manager.go:191.16,193.3 1 0
github.com/polymr/polymr/internal/agents/manager.go:194.2,194.19 1 0
github.com/polymr/polymr/internal/agents/manager.go:194.19,196.3 1 0
github.com/polymr/polymr/internal/agents/manager.go:199.2,209.27 4 0
github.com/polymr/polymr/internal/agents/manager.go:213.82,217.9 4 1
github.com/polymr/polymr/internal/agents/manager.go:217.9,219.3 1 1
github.com/polymr/polymr/internal/agents/manager.go:221.2,226.16 5 0
github.com/polymr/polymr/internal/agents/manager.go:226.16,228.3 1 0
github.com/polymr/polymr/internal/agents/manager.go:229.2,229.19 1 0
github.com/polymr/polymr/internal/agents/manager.go:229.19,231.3 1 0
github.com/polymr/polymr/internal/agents/manager.go:234.2,239.33 5 0
github.com/polymr/polymr/internal/agents/manager.go:244.118,247.17 2 0
github.com/polymr/polymr/internal/agents/manager.go:247.17,249.3 1 0
github.com/polymr/polymr/internal/agents/manager.go:252.2,261.20 3 0
github.com/polymr/polymr/internal/agents/manager.go:261.20,263.3 1 0
github.com/polymr/polymr/internal/agents/manager.go:265.2,274.16 5 0
github.com/polymr/polymr/internal/agents/manager.go:274.16,276.3 1 0
github.com/polymr/polymr/internal/agents/manager.go:278.2,279.56 2 0
github.com/polymr/polymr/internal/agents/manager.go:279.56,282.3 1 0
github.com/polymr/polymr/internal/agents/manager.go:284.2,284.20 1 0
github.com/polymr/polymr/internal/agents/manager.go:284.20,286.3 1 0
github.com/polymr/polymr/internal/agents/manager.go:288.2,288.21 1 0
github.com/polymr/polymr/internal/agents/manager.go:293.68,301.61 3 0
github.com/polymr/polymr/internal/agents/manager.go:301.61,304.3 2 0
github.com/polymr/polymr/internal/agents/manager.go:306.2,311.24 2 0
github.com/polymr/polymr/internal/agents/manager.go:311.24,313.3 1 0
github.com/polymr/polymr/internal/agents/manager.go:313.8,315.3 1 0
github.com/polymr/polymr/internal/agents/manager.go:317.2,317.16 1 0
github.com/polymr/polymr/internal/agents/manager.go:317.16,320.3 2 0
github.com/polymr/polymr/internal/agents/manager.go:322.2,325.4 1 0
github.com/polymr/polymr/internal/agents/manager.go:328.70,332.29 4 0
github.com/polymr/polymr/internal/agents/manager.go:332.29,334.3 1 0
github.com/polymr/polymr/internal/agents/manager.go:335.2,335.33 1 0
github.com/polymr/polymr/internal/agents/manager.go:338.70,343.9 5 0
github.com/polymr/polymr/internal/agents/manager.go:343.9,346.3 2 0
github.com/polymr/polymr/internal/agents/manager.go:347.2,347.36 1 0
github.com/polymr/polymr/internal/agents/manager.go:350.71,357.61 4 0
github.com/polymr/polymr/internal/agents/manager.go:357.61,360.3 2 0
github.com/polymr/polymr/internal/agents/manager.go:363.2,364.16 2 0
github.com/polymr/polymr/internal/agents/manager.go:364.16,367.3 2 0
github.com/polymr/polymr/internal/agents/manager.go:368.2,368.12 1 0
github.com/polymr/polymr/internal/agents/manager.go:368.12,371.17 2 0
github.com/polymr/polymr/internal/agents/manager.go:371.17,374.4 2 0
github.com/polymr/polymr/internal/agents/manager.go:377.2,377.66 1 0
github.com/polymr/polymr/internal/agents/manager.go:380.73,384.32 4 0
github.com/polymr/polymr/internal/agents/manager.go:384.32,386.3 1 0
github.com/polymr/polymr/internal/agents/manager.go:387.2,387.33 1 0
github.com/polymr/polymr/internal/agents/manager.go:390.74,392.63 2 0
github.com/polymr/polymr/internal/agents/manager.go:392.63,395.3 2 0
github.com/polymr/polymr/internal/agents/manager.go:398.2,398.22 1 0
github.com/polymr/polymr/internal/agents/manager.go:398.22,401.3 2 0
github.com/polymr/polymr/internal/agents/manager.go:403.2,414.52 9 0
github.com/polymr/polymr/internal/agents/manager.go:414.52,417.17 3 0
github.com/polymr/polymr/internal/agents/manager.go:417.17,420.4 2 0
github.com/polymr/polymr/internal/agents/manager.go:423.3,423.42 1 0
github.com/polymr/polymr/internal/agents/manager.go:423.42,425.23 2 0
github.com/polymr/polymr/internal/agents/manager.go:425.23,427.5 1 0
github.com/polymr/polymr/internal/agents/manager.go:428.4,428.52 1 0
github.com/polymr/polymr/internal/agents/manager.go:428.52,430.5 1 0
github.com/polymr/polymr/internal/agents/manager.go:433.2,433.16 1 0
github.com/polymr/polymr/internal/agents/manager.go:433.16,437.3 3 0
github.com/polymr/polymr/internal/agents/manager.go:439.2,446.34 6 0
github.com/polymr/polymr/internal/agents/manager.go:451.71,457.36 2 7
github.com/polymr/polymr/internal/agents/manager.go:457.36,458.83 1 17
github.com/polymr/polymr/internal/agents/manager.go:458.83,460.4 1 4
github.com/polymr/polymr/internal/agents/manager.go:462.2,462.29 1 3
github.com/polymr/polymr/internal/agents/manager.go:465.74,470.9 5 0
github.com/polymr/polymr/internal/agents/manager.go:470.9,473.3 2 0
github.com/polymr/polymr/internal/agents/manager.go:474.2,477.37 4 0
github.com/polymr/polymr/internal/router/audit.go:25.13,27.19 2 1
github.com/polymr/polymr/internal/router/audit.go:27.19,29.3 1 1
github.com/polymr/polymr/internal/router/audit.go:30.2,32.16 2 1
github.com/polymr/polymr/internal/router/audit.go:32.16,37.3 3 0
github.com/polymr/polymr/internal/router/audit.go:38.2,38.33 1 1
github.com/polymr/polymr/internal/router/audit.go:47.49,50.2 2 1
github.com/polymr/polymr/internal/router/audit.go:53.47,54.71 1 0
github.com/polymr/polymr/internal/router/audit.go:54.71,59.17 4 0
github.com/polymr/polymr/internal/router/audit.go:59.17,61.4 1 0
github.com/polymr/polymr/internal/router/audit.go:63.3,74.36 3 0
github.com/polymr/polymr/internal/router/audit.go:79.59,92.2 3 24
github.com/polymr/polymr/internal/router/auth.go:12.48,13.71 1 15
github.com/polymr/polymr/internal/router/auth.go:13.71,17.47 3 28
github.com/polymr/polymr/internal/router/auth.go:17.47,21.4 2 1
github.com/polymr/polymr/internal/router/auth.go:23.3,24.86 2 27
github.com/polymr/polymr/internal/router/auth.go:24.86,26.27 2 24
github.com/polymr/polymr/internal/router/auth.go:26.27,28.5 1 8
github.com/polymr/polymr/internal/router/auth.go:29.4,32.10 4 24
github.com/polymr/polymr/internal/router/auth.go:35.3,35.23 1 3
github.com/polymr/polymr/internal/router/auth.go:39.38,43.2 3 39
github.com/polymr/polymr/internal/router/ratelimit.go:24.55,33.2 3 2
github.com/polymr/polymr/internal/router/ratelimit.go:35.57,40.9 4 48
github.com/polymr/polymr/internal/router/ratelimit.go:40.9,44.3 3 9
github.com/polymr/polymr/internal/router/ratelimit.go:45.2,46.18 2 39
github.com/polymr/polymr/internal/router/ratelimit.go:49.31,50.6 1 2
github.com/polymr/polymr/internal/router/ratelimit.go:50.6,53.33 3 2
github.com/polymr/polymr/internal/router/ratelimit.go:53.33,54.46 1 0
github.com/polymr/polymr/internal/router/ratelimit.go:54.46,56.5 1 0
github.com/polymr/polymr/internal/router/ratelimit.go:58.3,58.16 1 0
github.com/polymr/polymr/internal/router/ratelimit.go:70.51,71.71 1 10
github.com/polymr/polymr/internal/router/ratelimit.go:71.71,73.41 2 26
github.com/polymr/polymr/internal/router/ratelimit.go:73.41,76.4 2 3
github.com/polymr/polymr/internal/router/ratelimit.go:77.3,77.23 1 23
github.com/polymr/polymr/internal/router/ratelimit.go:83.52,84.71 1 2
github.com/polymr/polymr/internal/router/ratelimit.go:84.71,86.42 2 22
github.com/polymr/polymr/internal/router/ratelimit.go:86.42,89.4 2 2
github.com/polymr/polymr/internal/router/ratelimit.go:90.3,90.23 1 20
github.com/polymr/polymr/internal/router/ratelimit.go:96.40,98.58 1 78
github.com/polymr/polymr/internal/router/ratelimit.go:98.58,100.3 1 55
github.com/polymr/polymr/internal/router/ratelimit.go:101.2,101.55 1 23
github.com/polymr/polymr/internal/router/ratelimit.go:101.55,102.33 1 3
github.com/polymr/polymr/internal/router/ratelimit.go:102.33,103.21 1 25
github.com/polymr/polymr/internal/router/ratelimit.go:103.21,105.5 1 2
github.com/polymr/polymr/internal/router/ratelimit.go:107.3,107.13 1 1
github.com/polymr/polymr/internal/router/ratelimit.go:110.2,111.38 2 20
github.com/polymr/polymr/internal/router/ratelimit.go:111.38,112.21 1 100
github.com/polymr/polymr/internal/router/ratelimit.go:112.21,114.4 1 20
github.com/polymr/polymr/internal/router/ratelimit.go:116.2,116.13 1 0
github.com/polymr/polymr/internal/router/router.go:21.54,22.71 1 10
github.com/polymr/polymr/internal/router/router.go:22.71,29.3 6 15
github.com/polymr/polymr/internal/router/router.go:32.25,50.66 10 0
github.com/polymr/polymr/internal/router/router.go:50.66,52.3 1 0
github.com/polymr/polymr/internal/router/router.go:55.2,55.41 1 0
github.com/polymr/polymr/internal/router/router.go:55.41,60.3 4 0
github.com/polymr/polymr/internal/router/router.go:63.2,63.39 1 0
github.com/polymr/polymr/internal/router/router.go:63.39,76.3 12 0
github.com/polymr/polymr/internal/router/router.go:79.2,83.71 3 0
github.com/polymr/polymr/internal/router/router.go:83.71,84.17 1 0
github.com/polymr/polymr/internal/router/router.go:85.29,87.112 1 0
github.com/polymr/polymr/internal/router/router.go:87.112,89.57 1 0
github.com/polymr/polymr/internal/router/router.go:89.57,91.6 1 0
github.com/polymr/polymr/internal/router/router.go:91.11,93.6 1 0
github.com/polymr/polymr/internal/router/router.go:95.11,97.23 1 0
github.com/polymr/polymr/internal/router/router.go:102.63,103.54 1 0
github.com/polymr/polymr/internal/router/router.go:103.54,104.25 1 0
github.com/polymr/polymr/internal/router/router.go:104.25,107.4 2 0
github.com/polymr/polymr/internal/router/router.go:109.3,109.56 1 0
github.com/polymr/polymr/internal/router/router.go:109.56,112.4 2 0
github.com/polymr/polymr/internal/router/router.go:114.3,115.17 2 0
github.com/polymr/polymr/internal/router/router.go:115.17,118.4 2 0
github.com/polymr/polymr/internal/router/router.go:119.3,122.17 3 0
github.com/polymr/polymr/internal/router/router.go:122.17,125.4 2 0
github.com/polymr/polymr/internal/router/router.go:127.3,128.17 2 0
github.com/polymr/polymr/internal/router/router.go:128.17,133.4 4 0
github.com/polymr/polymr/internal/router/router.go:135.3,136.61 2 0
github.com/polymr/polymr/internal/router/router.go:140.63,141.54 1 0
github.com/polymr/polymr/internal/router/router.go:141.54,142.25 1 0
github.com/polymr/polymr/internal/router/router.go:142.25,145.4 2 0
github.com/polymr/polymr/internal/router/router.go:147.3,150.62 2 0
github.com/polymr/polymr/internal/router/router.go:150.62,153.4 2 0
github.com/polymr/polymr/internal/router/router.go:155.3,156.23 2 0
github.com/polymr/polymr/internal/router/router.go:156.23,158.4 1 0
github.com/polymr/polymr/internal/router/router.go:160.3,161.17 2 0
github.com/polymr/polymr/internal/router/router.go:161.17,166.4 4 0
github.com/polymr/polymr/internal/router/router.go:168.3,170.22 3 0
github.com/polymr/polymr/internal/voice/elevenlabs.go:25.26,31.2 1 2
github.com/polymr/polymr/internal/voice/elevenlabs.go:34.38,36.2 1 4
github.com/polymr/polymr/internal/voice/elevenlabs.go:39.60,41.19 2 0
github.com/polymr/polymr/internal/voice/elevenlabs.go:41.19,43.3 1 0
github.com/polymr/polymr/internal/voice/elevenlabs.go:45.2,57.16 4 0
github.com/polymr/polymr/internal/voice/elevenlabs.go:57.16,59.3 1 0
github.com/polymr/polymr/internal/voice/elevenlabs.go:60.2,65.16 5 0
github.com/polymr/polymr/internal/voice/elevenlabs.go:65.16,67.3 1 0
github.com/polymr/polymr/internal/voice/elevenlabs.go:68.2,70.38 2 0
github.com/polymr/polymr/internal/voice/elevenlabs.go:70.38,73.3 2 0
github.com/polymr/polymr/internal/voice/elevenlabs.go:75.2,75.30 1 0
github.com/polymr/polymr/internal/voice/elevenlabs.go:80.78,88.16 5 0
github.com/polymr/polymr/internal/voice/elevenlabs.go:88.16,90.3 1 0
github.com/polymr/polymr/internal/voice/elevenlabs.go:91.2,91.45 1 0
github.com/polymr/polymr/internal/voice/elevenlabs.go:91.45,93.3 1 0
github.com/polymr/polymr/internal/voice/elevenlabs.go:96.2,96.67 1 0
github.com/polymr/polymr/internal/voice/elevenlabs.go:96.67,98.3 1 0
github.com/polymr/polymr/internal/voice/elevenlabs.go:100.2,103.16 3 0
github.com/polymr/polymr/internal/voice/elevenlabs.go:103.16,105.3 1 0
github.com/polymr/polymr/internal/voice/elevenlabs.go:106.2,110.16 4 0
github.com/polymr/polymr/internal/voice/elevenlabs.go:110.16,112.3 1 0
github.com/polymr/polymr/internal/voice/elevenlabs.go:113.2,115.38 2 0
github.com/polymr/polymr/internal/voice/elevenlabs.go:115.38,118.3 2 0
github.com/polymr/polymr/internal/voice/elevenlabs.go:120.2,123.67 2 0
github.com/polymr/polymr/internal/voice/elevenlabs.go:123.67,125.3 1 0
github.com/polymr/polymr/internal/voice/elevenlabs.go:127.2,127.25 1 0
github.com/polymr/polymr/internal/slack/client.go:15.13,17.17 2 1
github.com/polymr/polymr/internal/slack/client.go:17.17,19.3 1 0
github.com/polymr/polymr/internal/slack/client.go:23.46,29.2 2 0
github.com/polymr/polymr/internal/slack/client.go:32.60,39.2 2 0
github.com/polymr/polymr/internal/slack/client.go:42.65,48.2 2 0
github.com/polymr/polymr/internal/slack/handler.go:17.67,18.54 1 0
github.com/polymr/polymr/internal/slack/handler.go:18.54,19.39 1 0
github.com/polymr/polymr/internal/slack/handler.go:19.39,22.4 2 0
github.com/polymr/polymr/internal/slack/handler.go:24.3,29.33 5 0
github.com/polymr/polymr/internal/slack/handler.go:29.33,36.4 3 0
github.com/polymr/polymr/internal/slack/handler.go:40.3,43.13 2 0
github.com/polymr/polymr/internal/slack/handler.go:43.13,51.18 2 0
github.com/polymr/polymr/internal/slack/handler.go:51.18,54.5 2 0
github.com/polymr/polymr/internal/slack/handler.go:57.4,61.18 3 0
github.com/polymr/polymr/internal/slack/handler.go:61.18,63.5 1 0
github.com/polymr/polymr/internal/slack/handler.go:66.4,70.5 1 0
github.com/polymr/polymr/internal/slack/handler.go:76.60,77.54 1 0
github.com/polymr/polymr/internal/slack/handler.go:77.54,79.66 2 0
github.com/polymr/polymr/internal/slack/handler.go:79.66,82.4 2 0
github.com/polymr/polymr/internal/slack/handler.go:85.3,85.71 1 0
github.com/polymr/polymr/internal/slack/handler.go:85.71,91.4 3 0
github.com/polymr/polymr/internal/slack/handler.go:94.3,97.10 3 0
github.com/polymr/polymr/internal/slack/handler.go:97.10,99.4 1 0
github.com/polymr/polymr/internal/slack/handler.go:102.3,102.43 1 0
github.com/polymr/polymr/internal/slack/handler.go:102.43,104.4 1 0
github.com/polymr/polymr/internal/slack/handler.go:106.3,110.20 4 0
github.com/polymr/polymr/internal/slack/handler.go:111.22,112.44 1 0
github.com/polymr/polymr/internal/slack/handler.go:113.18,114.55 1 0
github.com/polymr/polymr/internal/slack/handler.go:114.55,116.5 1 0
github.com/polymr/polymr/internal/slack/handler.go:122.66,123.54 1 0
github.com/polymr/polymr/internal/slack/handler.go:123.54,124.39 1 0
github.com/polymr/polymr/internal/slack/handler.go:124.39,127.4 2 0
github.com/polymr/polymr/internal/slack/handler.go:129.3,131.74 3 0
github.com/polymr/polymr/internal/slack/handler.go:131.74,134.4 2 0
github.com/polymr/polymr/internal/slack/handler.go:136.3,138.66 2 0
github.com/polymr/polymr/internal/slack/handler.go:138.66,139.11 1 0
github.com/polymr/polymr/internal/slack/handler.go:140.62,141.75 1 0
github.com/polymr/polymr/internal/slack/handler.go:142.45,143.69 1 0
github.com/polymr/polymr/internal/slack/handler.go:150.68,152.24 1 0
github.com/polymr/polymr/internal/slack/handler.go:152.24,154.3 1 0
github.com/polymr/polymr/internal/slack/handler.go:156.2,164.16 4 0
github.com/polymr/polymr/internal/slack/handler.go:164.16,167.3 2 0
github.com/polymr/polymr/internal/slack/handler.go:168.2,170.38 2 0
github.com/polymr/polymr/internal/slack/handler.go:170.38,172.3 1 0
github.com/polymr/polymr/internal/slack/handler.go:176.67,180.20 2 0
github.com/polymr/polymr/internal/slack/handler.go:180.20,183.3 2 0
github.com/polymr/polymr/internal/slack/handler.go:185.2,189.21 3 0
github.com/polymr/polymr/internal/slack/handler.go:189.21,192.45 2 0
github.com/polymr/polymr/internal/slack/handler.go:192.45,194.4 1 0
github.com/polymr/polymr/internal/slack/handler.go:195.3,196.9 2 0
github.com/polymr/polymr/internal/slack/handler.go:199.2,200.16 2 0
github.com/polymr/polymr/internal/slack/handler.go:200.16,203.3 2 0
github.com/polymr/polymr/internal/slack/handler.go:205.2,205.68 1 0
github.com/polymr/polymr/internal/slack/handler.go:209.83,212.16 2 0
github.com/polymr/polymr/internal/slack/handler.go:212.16,215.3 2 0
github.com/polymr/polymr/internal/slack/handler.go:216.2,216.12 1 0
github.com/polymr/polymr/internal/slack/handler.go:216.12,219.3 1 0
github.com/polymr/polymr/internal/slack/handler.go:221.2,221.44 1 0
github.com/polymr/polymr/internal/slack/handler.go:225.80,229.16 3 0
github.com/polymr/polymr/internal/slack/handler.go:229.16,232.3 2 0
github.com/polymr/polymr/internal/slack/handler.go:234.2,234.89 1 0
github.com/polymr/polymr/internal/slack/handler.go:238.69,240.21 2 0
github.com/polymr/polymr/internal/slack/handler.go:240.21,242.3 1 0
github.com/polymr/polymr/internal/slack/handler.go:243.2,246.16 3 0
github.com/polymr/polymr/internal/slack/handler.go:246.16,249.3 2 0
github.com/polymr/polymr/internal/slack/handler.go:250.2,250.30 1 0
github.com/polymr/polymr/internal/slack/handler.go:255.76,258.34 2 6
github.com/polymr/polymr/internal/slack/handler.go:258.34,264.35 2 13
github.com/polymr/polymr/internal/slack/handler.go:264.35,265.56 1 34
github.com/polymr/polymr/internal/slack/handler.go:265.56,267.5 1 4
github.com/polymr/polymr/internal/slack/handler.go:271.2,271.17 1 2
github.com/polymr/polymr/internal/slack/verify.go:17.55,18.71 1 5
github.com/polymr/polymr/internal/slack/verify.go:18.71,20.26 2 5
github.com/polymr/polymr/internal/slack/verify.go:20.26,24.4 2 1
github.com/polymr/polymr/internal/slack/verify.go:27.3,28.17 2 4
github.com/polymr/polymr/internal/slack/verify.go:28.17,31.4 2 0
github.com/polymr/polymr/internal/slack/verify.go:32.3,37.17 4 4
github.com/polymr/polymr/internal/slack/verify.go:37.17,40.4 2 1
github.com/polymr/polymr/internal/slack/verify.go:41.3,41.38 1 3
github.com/polymr/polymr/internal/slack/verify.go:41.38,44.4 2 1
github.com/polymr/polymr/internal/slack/verify.go:47.3,53.52 6 2
github.com/polymr/polymr/internal/slack/verify.go:53.52,56.4 2 1
github.com/polymr/polymr/internal/slack/verify.go:58.3,58.23 1 1
github.com/polymr/polymr/internal/slack/verify.go:62.25,63.11 1 7
github.com/polymr/polymr/internal/slack/verify.go:63.11,65.3 1 2
github.com/polymr/polymr/internal/slack/verify.go:66.2,66.10 1 5
github.com/polymr/polymr/internal/sanitize/sanitize.go:30.33,35.33 2 37
github.com/polymr/polymr/internal/sanitize/sanitize.go:35.33,37.3 1 2
github.com/polymr/polymr/internal/sanitize/sanitize.go:40.2,40.46 1 37
github.com/polymr/polymr/internal/sanitize/sanitize.go:40.46,42.3 1 481
github.com/polymr/polymr/internal/sanitize/sanitize.go:44.2,44.14 1 37
github.com/polymr/polymr/internal/scheduler/scheduler.go:23.53,26.26 2 0
github.com/polymr/polymr/internal/scheduler/scheduler.go:26.26,28.3 1 0
github.com/polymr/polymr/internal/scheduler/scheduler.go:32.2,38.16 3 0
github.com/polymr/polymr/internal/scheduler/scheduler.go:38.16,40.3 1 0
github.com/polymr/polymr/internal/scheduler/scheduler.go:42.2,42.12 1 0
github.com/polymr/polymr/internal/scheduler/scheduler.go:46.53,49.16 3 0
github.com/polymr/polymr/internal/scheduler/scheduler.go:49.16,51.3 1 0
github.com/polymr/polymr/internal/scheduler/scheduler.go:55.2,57.29 3 0
github.com/polymr/polymr/internal/scheduler/scheduler.go:57.29,58.36 1 0
github.com/polymr/polymr/internal/scheduler/scheduler.go:58.36,63.4 1 0
github.com/polymr/polymr/internal/scheduler/scheduler.go:66.2,66.19 1 0
github.com/polymr/polymr/internal/scheduler/scheduler.go:70.50,73.16 3 0
github.com/polymr/polymr/internal/scheduler/scheduler.go:73.16,75.3 1 0
github.com/polymr/polymr/internal/scheduler/scheduler.go:76.2,76.12 1 0
github.com/polymr/polymr/internal/scheduler/scheduler.go:80.46,83.16 3 0
github.com/polymr/polymr/internal/scheduler/scheduler.go:83.16,85.3 1 0
github.com/polymr/polymr/internal/scheduler/scheduler.go:86.2,86.28 1 0
github.com/polymr/polymr/internal/scheduler/scheduler.go:90.49,92.2 1 0
